Using pre-set license
Built from '2020.3/staging' branch; Version is '2020.3.16f1 (049d6eca3c44) revision 302446'; Using compiler version '192528614'; Build Type 'Release'
OS: 'Windows 10 Enterprise; OS build 19042.1165; Version 2009; 64bit' Language: 'en' Physical Memory: 32483 MB
BatchMode: 1, IsHumanControllingUs: 0, StartBugReporterOnCrash: 0, Is64bit: 1, IsPro: 0

 COMMAND LINE ARGUMENTS:
C:\Program Files\Unity\Hub\Editor\2020.3.16f1\Editor\Unity.exe
-adb2
-batchMode
-noUpm
-name
AssetImportWorker0
-projectPath
C:/Users/Matt/Net
-logFile
Logs/AssetImportWorker0.log
-srvPort
63029
Successfully changed project path to: C:/Users/Matt/Net
C:/Users/Matt/Net
Using Asset Import Pipeline V2.
Please move 'C:\Net\Assets\WSATestCertificate.pfx' certificate inside a project, certificate path changed to Assets/WSATestCertificate.pfx

Refreshing native plugins compatible for Editor in 92.68 ms, found 23 plugins.
Preloading 2 native plugins for Editor in 5.15 ms.
Initialize engine version: 2020.3.16f1 (049d6eca3c44)
[Subsystems] Discovering subsystems at path C:/Program Files/Unity/Hub/Editor/2020.3.16f1/Editor/Data/Resources/UnitySubsystems
[Subsystems] Discovering subsystems at path C:/Users/Matt/Net/Assets
GfxDevice: creating device client; threaded=0
Direct3D:
    Version:  Direct3D 11.0 [level 11.1]
    Renderer: Intel(R) UHD Graphics 630 (ID=0x9bc5)
    Vendor:   
    VRAM:     16241 MB
    Driver:   27.20.100.9664
Initialize mono
Mono path[0] = 'C:/Program Files/Unity/Hub/Editor/2020.3.16f1/Editor/Data/Managed'
Mono path[1] = 'C:/Program Files/Unity/Hub/Editor/2020.3.16f1/Editor/Data/MonoBleedingEdge/lib/mono/unityjit'
Mono config path = 'C:/Program Files/Unity/Hub/Editor/2020.3.16f1/Editor/Data/MonoBleedingEdge/etc'
Using monoOptions --debugger-agent=transport=dt_socket,embedding=1,server=y,suspend=n,address=127.0.0.1:56804
Begin MonoManager ReloadAssembly
Registering precompiled unity dll's ...
Register platform support module: C:/Program Files/Unity/Hub/Editor/2020.3.16f1/Editor/Data/PlaybackEngines/WindowsStandaloneSupport/UnityEditor.WindowsStandalone.Extensions.dll
Registered in 0.001284 seconds.
Native extension for WindowsStandalone target not found
Refreshing native plugins compatible for Editor in 63.83 ms, found 23 plugins.
Preloading 2 native plugins for Editor in 0.10 ms.
Mono: successfully reloaded assembly
- Completed reload, in  0.816 seconds
Domain Reload Profiling:
	ReloadAssembly (816ms)
		BeginReloadAssembly (39ms)
			ExecutionOrderSort (0ms)
			DisableScriptedObjects (0ms)
			BackupInstance (0ms)
			ReleaseScriptingObjects (0ms)
			CreateAndSetChildDomain (1ms)
		EndReloadAssembly (351ms)
			LoadAssemblies (37ms)
			RebuildTransferFunctionScriptingTraits (0ms)
			SetupTypeCache (111ms)
			ReleaseScriptCaches (0ms)
			RebuildScriptCaches (24ms)
			SetupLoadedEditorAssemblies (157ms)
				LogAssemblyErrors (0ms)
				InitializePlatformSupportModulesInManaged (3ms)
				SetLoadedEditorAssemblies (0ms)
				RefreshPlugins (64ms)
				BeforeProcessingInitializeOnLoad (11ms)
				ProcessInitializeOnLoadAttributes (58ms)
				ProcessInitializeOnLoadMethodAttributes (20ms)
				AfterProcessingInitializeOnLoad (0ms)
				EditorAssembliesLoaded (0ms)
			ExecutionOrderSort2 (0ms)
			AwakeInstancesAfterBackupRestoration (0ms)
Platform modules already initialized, skipping
Registering precompiled user dll's ...
Registered in 0.015680 seconds.
Begin MonoManager ReloadAssembly
Native extension for WindowsStandalone target not found
Refreshing native plugins compatible for Editor in 61.89 ms, found 23 plugins.
Preloading 2 native plugins for Editor in 0.10 ms.
[XR] [Mixed Reality OpenXR Mesh]: RegisterLifecycleProvider.
[XR] [Mixed Reality OpenXR Input]: RegisterLifecycleProvider.
Added DLL directory C:\Users\Matt\Net\Library\PackageCache\com.microsoft.windows.mixedreality.dotnetwinrt@a14c00445f05-1630435386582\Plugins\x64 to the user search path.
UnityEngine.StackTraceUtility:ExtractStackTrace ()
UnityEngine.DebugLogHandler:LogFormat (UnityEngine.LogType,UnityEngine.Object,string,object[])
UnityEngine.Logger:Log (UnityEngine.LogType,object)
UnityEngine.Debug:Log (object)
Microsoft.Windows.MixedReality.DotNetWinRT.Init:.cctor () (at Library/PackageCache/com.microsoft.windows.mixedreality.dotnetwinrt@a14c00445f05-1630435386582/Editor/Microsoft.Windows.MixedReality.DotNetWinRT.Init.cs:46)
System.Runtime.CompilerServices.RuntimeHelpers:RunClassConstructor (System.RuntimeTypeHandle)
UnityEditor.EditorAssemblies:ProcessInitializeOnLoadAttributes (System.Type[])

(Filename: Library/PackageCache/com.microsoft.windows.mixedreality.dotnetwinrt@a14c00445f05-1630435386582/Editor/Microsoft.Windows.MixedReality.DotNetWinRT.Init.cs Line: 46)

Added DLL directory C:\Users\Matt\Net\Library\PackageCache\com.microsoft.mixedreality.input@58d07b43e5ec-1630435386185\Plugins\Windows\x64 to the user search path.
UnityEngine.StackTraceUtility:ExtractStackTrace ()
UnityEngine.DebugLogHandler:LogFormat (UnityEngine.LogType,UnityEngine.Object,string,object[])
UnityEngine.Logger:Log (UnityEngine.LogType,object)
UnityEngine.Debug:Log (object)
Microsoft.MixedReality.Input.Init:.cctor () (at Library/PackageCache/com.microsoft.mixedreality.input@58d07b43e5ec-1630435386185/Editor/Microsoft.MixedReality.Input.Init.cs:88)
System.Runtime.CompilerServices.RuntimeHelpers:RunClassConstructor (System.RuntimeTypeHandle)
UnityEditor.EditorAssemblies:ProcessInitializeOnLoadAttributes (System.Type[])

(Filename: Library/PackageCache/com.microsoft.mixedreality.input@58d07b43e5ec-1630435386185/Editor/Microsoft.MixedReality.Input.Init.cs Line: 88)

[XR] Error loading subsystem: Display (1) (header mismatch?)
Mono: successfully reloaded assembly
- Completed reload, in  2.201 seconds
Domain Reload Profiling:
	ReloadAssembly (2202ms)
		BeginReloadAssembly (108ms)
			ExecutionOrderSort (0ms)
			DisableScriptedObjects (4ms)
			BackupInstance (0ms)
			ReleaseScriptingObjects (0ms)
			CreateAndSetChildDomain (14ms)
		EndReloadAssembly (2045ms)
			LoadAssemblies (88ms)
			RebuildTransferFunctionScriptingTraits (0ms)
			SetupTypeCache (273ms)
			ReleaseScriptCaches (1ms)
			RebuildScriptCaches (56ms)
			SetupLoadedEditorAssemblies (1516ms)
				LogAssemblyErrors (0ms)
				InitializePlatformSupportModulesInManaged (3ms)
				SetLoadedEditorAssemblies (0ms)
				RefreshPlugins (62ms)
				BeforeProcessingInitializeOnLoad (106ms)
				ProcessInitializeOnLoadAttributes (1020ms)
				ProcessInitializeOnLoadMethodAttributes (320ms)
				AfterProcessingInitializeOnLoad (4ms)
				EditorAssembliesLoaded (0ms)
			ExecutionOrderSort2 (0ms)
			AwakeInstancesAfterBackupRestoration (5ms)
Platform modules already initialized, skipping
========================================================================
Worker process is ready to serve import requests
Please move 'C:\Net\Assets\WSATestCertificate.pfx' certificate inside a project, certificate path changed to Assets/WSATestCertificate.pfx

Launched and connected shader compiler UnityShaderCompiler.exe after 0.05 seconds
Refreshing native plugins compatible for Editor in 1.45 ms, found 23 plugins.
Preloading 2 native plugins for Editor in 0.10 ms.
Unloading 4066 Unused Serialized files (Serialized files now loaded: 0)
System memory in use before: 164.3 MB.
System memory in use after: 164.0 MB.

Unloading 623 unused Assets to reduce memory usage. Loaded Objects now: 4363.
Total: 4.801600 ms (FindLiveObjects: 0.390600 ms CreateObjectMapping: 0.208500 ms MarkObjects: 3.546500 ms  DeleteObjects: 0.654300 ms)

AssetImportParameters requested are different than current active one (requested -> active):
  custom:framework-win-MediaFoundation: 216162199b28c13a410421893ffa2e32 -> 
  custom:video-decoder-ogg-theora: a1e56fd34408186e4bbccfd4996cb3dc -> 
  custom:container-muxer-webm: aa71ff27fc2769a1b78a27578f13a17b -> 
  custom:container-demuxer-webm: 4f35f7cbe854078d1ac9338744f61a02 -> 
  custom:container-demuxer-ogg: 62fdf1f143b41e24485cea50d1cbac27 -> 
  custom:video-encoder-webm-vp8: eb34c28f22e8b96e1ab97ce403110664 -> 
  custom:video-decoder-webm-vp8: 9c59270c3fd7afecdb556c50c9e8de78 -> 
  custom:audio-decoder-ogg-vorbis: bf7c407c2cedff20999df2af8eb42d56 -> 
  custom:audio-encoder-webm-vorbis: bf7c407c2cedff20999df2af8eb42d56 -> 
========================================================================
Received Import Request.
  path: Assets/Scenes/SampleScene.unity
  artifactKey: Guid(9fc0d4010bbf28b4594072e72b8655ab) Importer(815301076,1909f56bfc062723c751e8b465ee728b)
Start importing Assets/Scenes/SampleScene.unity using Guid(9fc0d4010bbf28b4594072e72b8655ab) Importer(815301076,1909f56bfc062723c751e8b465ee728b)  -> (artifact id: '3f5769f92fc5d03064b62e8f90fb0b69') in 0.015356 seconds 
  Import took 0.020515 seconds .

========================================================================
Received Import Request.
  Time since last request: 172.158450 seconds.
  path: Assets/MixedRealityToolkit.Generated/CustomProfiles/New MixedRealityCameraProfile.asset
  artifactKey: Guid(48349bfe268710d43aa96b528591abe3) Importer(815301076,1909f56bfc062723c751e8b465ee728b)
Start importing Assets/MixedRealityToolkit.Generated/CustomProfiles/New MixedRealityCameraProfile.asset using Guid(48349bfe268710d43aa96b528591abe3) Importer(815301076,1909f56bfc062723c751e8b465ee728b)  -> (artifact id: 'b0eebda84e85638d197405c30a2ef414') in 0.016648 seconds 
  Import took 0.022598 seconds .

========================================================================
Received Import Request.
  Time since last request: 0.000188 seconds.
  path: Assets/MixedRealityToolkit.Generated/CustomProfiles/New WindowsMixedRealityCameraSettingsProfile.asset
  artifactKey: Guid(d7f96ea78a4b3a24fa867c8b3044a25d) Importer(815301076,1909f56bfc062723c751e8b465ee728b)
Start importing Assets/MixedRealityToolkit.Generated/CustomProfiles/New WindowsMixedRealityCameraSettingsProfile.asset using Guid(d7f96ea78a4b3a24fa867c8b3044a25d) Importer(815301076,1909f56bfc062723c751e8b465ee728b)  -> (artifact id: '776bec7ed7479661309ebc83063fb452') in 0.004931 seconds 
  Import took 0.010173 seconds .

========================================================================
Received Import Request.
  Time since last request: 0.000125 seconds.
  path: Assets/MixedRealityToolkit.Generated/CustomProfiles/New MixedRealityInputSystemProfile.asset
  artifactKey: Guid(fe5b02baa7a79644690e9f981b4f3383) Importer(815301076,1909f56bfc062723c751e8b465ee728b)
Start importing Assets/MixedRealityToolkit.Generated/CustomProfiles/New MixedRealityInputSystemProfile.asset using Guid(fe5b02baa7a79644690e9f981b4f3383) Importer(815301076,1909f56bfc062723c751e8b465ee728b)  -> (artifact id: 'ce3ce7909ff6d1730ec71765c64636d1') in 0.037369 seconds 
  Import took 0.043378 seconds .

========================================================================
Received Import Request.
  Time since last request: 0.000189 seconds.
  path: Assets/MixedRealityToolkit.Generated/CustomProfiles/New MixedRealityInputActionsProfile.asset
  artifactKey: Guid(44fb9c100b491ab4fa65e4696c256d82) Importer(815301076,1909f56bfc062723c751e8b465ee728b)
Start importing Assets/MixedRealityToolkit.Generated/CustomProfiles/New MixedRealityInputActionsProfile.asset using Guid(44fb9c100b491ab4fa65e4696c256d82) Importer(815301076,1909f56bfc062723c751e8b465ee728b)  -> (artifact id: 'c7058bfee0ef1a6cd741a8a1805063dc') in 0.004742 seconds 
  Import took 0.009499 seconds .

========================================================================
Received Import Request.
  Time since last request: 0.000182 seconds.
  path: Assets/MixedRealityToolkit.Generated/CustomProfiles/New MixedRealityCameraProfile.asset
  artifactKey: Guid(48349bfe268710d43aa96b528591abe3) Importer(815301076,1909f56bfc062723c751e8b465ee728b)
Start importing Assets/MixedRealityToolkit.Generated/CustomProfiles/New MixedRealityCameraProfile.asset using Guid(48349bfe268710d43aa96b528591abe3) Importer(815301076,1909f56bfc062723c751e8b465ee728b)  -> (artifact id: 'b0eebda84e85638d197405c30a2ef414') in 0.003417 seconds 
  Import took 0.008035 seconds .

========================================================================
Received Import Request.
  Time since last request: 0.000163 seconds.
  path: Assets/MixedRealityToolkit.Generated/CustomProfiles/New MixedRealityToolkitConfigurationProfile.asset
  artifactKey: Guid(e7a1c55663c6c0d48b429d10b061b9c0) Importer(815301076,1909f56bfc062723c751e8b465ee728b)
Start importing Assets/MixedRealityToolkit.Generated/CustomProfiles/New MixedRealityToolkitConfigurationProfile.asset using Guid(e7a1c55663c6c0d48b429d10b061b9c0) Importer(815301076,1909f56bfc062723c751e8b465ee728b)  -> (artifact id: '44ec54bf82fc2d8c54ddfc3ebaeea7ba') in 0.041727 seconds 
  Import took 0.047894 seconds .

========================================================================
Received Import Request.
  Time since last request: 0.000178 seconds.
  path: Assets/MixedRealityToolkit.Generated/CustomProfiles/New MixedRealityInputSimulationProfile.asset
  artifactKey: Guid(5cf3ec653b369ab448f42c63d16ec6c7) Importer(815301076,1909f56bfc062723c751e8b465ee728b)
Start importing Assets/MixedRealityToolkit.Generated/CustomProfiles/New MixedRealityInputSimulationProfile.asset using Guid(5cf3ec653b369ab448f42c63d16ec6c7) Importer(815301076,1909f56bfc062723c751e8b465ee728b)  -> (artifact id: 'abb7a5c5bbd6b9e5b80569bd0d9961a0') in 0.004778 seconds 
  Import took 0.009456 seconds .

========================================================================
Received Import Request.
  Time since last request: 0.000148 seconds.
  path: Assets/MixedRealityToolkit.Generated/CustomProfiles/New MixedRealityToolkitConfigurationProfile 1.asset
  artifactKey: Guid(7e5882e80349e5a47a8c1a2574b8cff6) Importer(815301076,1909f56bfc062723c751e8b465ee728b)
Start importing Assets/MixedRealityToolkit.Generated/CustomProfiles/New MixedRealityToolkitConfigurationProfile 1.asset using Guid(7e5882e80349e5a47a8c1a2574b8cff6) Importer(815301076,1909f56bfc062723c751e8b465ee728b)  -> (artifact id: 'fef782b8cbfd920f9d82220be9760438') in 0.041209 seconds 
  Import took 0.046881 seconds .

========================================================================
Received Import Request.
  Time since last request: 0.000237 seconds.
  path: Assets/MixedRealityToolkit.Generated/CustomProfiles/New MixedRealitySpatialAwarenessSystemProfile.asset
  artifactKey: Guid(4481c46582cfb4a4f900fef7d84d61b8) Importer(815301076,1909f56bfc062723c751e8b465ee728b)
Start importing Assets/MixedRealityToolkit.Generated/CustomProfiles/New MixedRealitySpatialAwarenessSystemProfile.asset using Guid(4481c46582cfb4a4f900fef7d84d61b8) Importer(815301076,1909f56bfc062723c751e8b465ee728b)  -> (artifact id: 'a669a59c3d5382f800f26ca7e760ff20') in 0.006182 seconds 
  Import took 0.010808 seconds .

========================================================================
Received Import Request.
  Time since last request: 0.000232 seconds.
  path: Assets/MixedRealityToolkit.Generated/CustomProfiles/New MixedRealityEyeTrackingProfile.asset
  artifactKey: Guid(fa4d4e0406b97494e8711e0cff9632c2) Importer(815301076,1909f56bfc062723c751e8b465ee728b)
Start importing Assets/MixedRealityToolkit.Generated/CustomProfiles/New MixedRealityEyeTrackingProfile.asset using Guid(fa4d4e0406b97494e8711e0cff9632c2) Importer(815301076,1909f56bfc062723c751e8b465ee728b)  -> (artifact id: '6f838d63eebdaf0f3c5c65f7464fa110') in 0.004610 seconds 
  Import took 0.009003 seconds .

========================================================================
Received Import Request.
  Time since last request: 0.000156 seconds.
  path: Assets/MixedRealityToolkit.Generated/CustomProfiles/New MixedRealityPointerProfile.asset
  artifactKey: Guid(ee288e85d8ff49f4099d7cbcc24f07d3) Importer(815301076,1909f56bfc062723c751e8b465ee728b)
Start importing Assets/MixedRealityToolkit.Generated/CustomProfiles/New MixedRealityPointerProfile.asset using Guid(ee288e85d8ff49f4099d7cbcc24f07d3) Importer(815301076,1909f56bfc062723c751e8b465ee728b)  -> (artifact id: '797b09ff3c30ea4479cb0241906c1bd7') in 0.011833 seconds 
  Import took 0.017293 seconds .

========================================================================
Received Import Request.
  Time since last request: 0.000252 seconds.
  path: Assets/MixedRealityToolkit.Generated/CustomProfiles/New MixedRealityExperienceSettingsProfile.asset
  artifactKey: Guid(4ca7bd277c977e94daf149f6f91e8475) Importer(815301076,1909f56bfc062723c751e8b465ee728b)
Start importing Assets/MixedRealityToolkit.Generated/CustomProfiles/New MixedRealityExperienceSettingsProfile.asset using Guid(4ca7bd277c977e94daf149f6f91e8475) Importer(815301076,1909f56bfc062723c751e8b465ee728b)  -> (artifact id: '3f964b6faaad737d2cc002e24edd788b') in 0.005687 seconds 
  Import took 0.010644 seconds .

========================================================================
Received Import Request.
  Time since last request: 0.000230 seconds.
  path: Assets/MixedRealityToolkit.Generated/CustomProfiles/New MixedRealitySpatialAwarenessMeshObserverProfile.asset
  artifactKey: Guid(af9d59975345d7748afacfa7ce7a9439) Importer(815301076,1909f56bfc062723c751e8b465ee728b)
Start importing Assets/MixedRealityToolkit.Generated/CustomProfiles/New MixedRealitySpatialAwarenessMeshObserverProfile.asset using Guid(af9d59975345d7748afacfa7ce7a9439) Importer(815301076,1909f56bfc062723c751e8b465ee728b)  -> (artifact id: 'af342a0e651ac713fd4a340f88b369f7') in 0.005338 seconds 
  Import took 0.010533 seconds .

========================================================================
Received Import Request.
  Time since last request: 210.799996 seconds.
  path: Assets/MixedRealityToolkit.Generated/CustomProfiles/New MixedRealityEyeTrackingProfile 1.asset
  artifactKey: Guid(525470becf94c224487756a8f5128b14) Importer(815301076,1909f56bfc062723c751e8b465ee728b)
Start importing Assets/MixedRealityToolkit.Generated/CustomProfiles/New MixedRealityEyeTrackingProfile 1.asset using Guid(525470becf94c224487756a8f5128b14) Importer(815301076,1909f56bfc062723c751e8b465ee728b)  -> (artifact id: '8342832f384a83f9c618543975ac31c4') in 0.005946 seconds 
  Import took 0.011596 seconds .

========================================================================
Received Import Request.
  Time since last request: 0.000214 seconds.
  path: Assets/MixedRealityToolkit.Generated/CustomProfiles/New MixedRealityInputSystemProfile.asset
  artifactKey: Guid(fe5b02baa7a79644690e9f981b4f3383) Importer(815301076,1909f56bfc062723c751e8b465ee728b)
Start importing Assets/MixedRealityToolkit.Generated/CustomProfiles/New MixedRealityInputSystemProfile.asset using Guid(fe5b02baa7a79644690e9f981b4f3383) Importer(815301076,1909f56bfc062723c751e8b465ee728b)  -> (artifact id: '785057ae9cb0a3db148f8b3b1cc7ff84') in 0.032826 seconds 
  Import took 0.038704 seconds .

========================================================================
Received Prepare
Refreshing native plugins compatible for Editor in 26.44 ms, found 23 plugins.
Preloading 2 native plugins for Editor in 0.09 ms.
Unloading 118 Unused Serialized files (Serialized files now loaded: 0)
System memory in use before: 79.5 MB.
System memory in use after: 79.7 MB.

Unloading 119 unused Assets to reduce memory usage. Loaded Objects now: 4363.
Total: 4.643100 ms (FindLiveObjects: 0.336300 ms CreateObjectMapping: 0.198300 ms MarkObjects: 3.972700 ms  DeleteObjects: 0.134800 ms)

AssetImportParameters requested are different than current active one (requested -> active):
  custom:framework-win-MediaFoundation: 216162199b28c13a410421893ffa2e32 -> 
  custom:video-decoder-ogg-theora: a1e56fd34408186e4bbccfd4996cb3dc -> 
  custom:container-muxer-webm: aa71ff27fc2769a1b78a27578f13a17b -> 
  custom:container-demuxer-webm: 4f35f7cbe854078d1ac9338744f61a02 -> 
  custom:container-demuxer-ogg: 62fdf1f143b41e24485cea50d1cbac27 -> 
  custom:video-encoder-webm-vp8: eb34c28f22e8b96e1ab97ce403110664 -> 
  custom:video-decoder-webm-vp8: 9c59270c3fd7afecdb556c50c9e8de78 -> 
  custom:audio-decoder-ogg-vorbis: bf7c407c2cedff20999df2af8eb42d56 -> 
  custom:audio-encoder-webm-vorbis: bf7c407c2cedff20999df2af8eb42d56 -> 
========================================================================
Received Prepare
Registering precompiled user dll's ...
Registered in 0.016673 seconds.
Begin MonoManager ReloadAssembly
Native extension for WindowsStandalone target not found
Refreshing native plugins compatible for Editor in 2.22 ms, found 23 plugins.
Preloading 2 native plugins for Editor in 0.15 ms.
Added DLL directory C:\Users\Matt\Net\Library\PackageCache\com.microsoft.mixedreality.input@58d07b43e5ec-1630435386185\Plugins\Windows\x64 to the user search path.
UnityEngine.StackTraceUtility:ExtractStackTrace ()
UnityEngine.DebugLogHandler:LogFormat (UnityEngine.LogType,UnityEngine.Object,string,object[])
UnityEngine.Logger:Log (UnityEngine.LogType,object)
UnityEngine.Debug:Log (object)
Microsoft.MixedReality.Input.Init:.cctor () (at Library/PackageCache/com.microsoft.mixedreality.input@58d07b43e5ec-1630435386185/Editor/Microsoft.MixedReality.Input.Init.cs:88)
System.Runtime.CompilerServices.RuntimeHelpers:RunClassConstructor (System.RuntimeTypeHandle)
UnityEditor.EditorAssemblies:ProcessInitializeOnLoadAttributes (System.Type[])

(Filename: Library/PackageCache/com.microsoft.mixedreality.input@58d07b43e5ec-1630435386185/Editor/Microsoft.MixedReality.Input.Init.cs Line: 88)

Error when attempting to update scene info fields. Scene info data may be stale.
UnityEngine.StackTraceUtility:ExtractStackTrace ()
UnityEngine.DebugLogHandler:LogFormat (UnityEngine.LogType,UnityEngine.Object,string,object[])
UnityEngine.Logger:Log (UnityEngine.LogType,object)
UnityEngine.Debug:LogWarning (object)
Microsoft.MixedReality.Toolkit.Editor.SceneInfoUtils:RefreshSceneInfoFieldsInScriptableObjects () (at Library/PackageCache/com.microsoft.mixedreality.toolkit.foundation@7ab72a083e35-1630435386405/Core/Inspectors/PropertyDrawers/SceneInfoUtils.cs:313)
Microsoft.MixedReality.Toolkit.Editor.SceneInfoUtils:InitializeOnLoad () (at Library/PackageCache/com.microsoft.mixedreality.toolkit.foundation@7ab72a083e35-1630435386405/Core/Inspectors/PropertyDrawers/SceneInfoUtils.cs:231)
System.Reflection.MonoMethod:Invoke (object,System.Reflection.BindingFlags,System.Reflection.Binder,object[],System.Globalization.CultureInfo)
System.Reflection.MethodBase:Invoke (object,object[])
UnityEditor.EditorAssemblies:ProcessInitializeOnLoadMethodAttributes ()

(Filename: Library/PackageCache/com.microsoft.mixedreality.toolkit.foundation@7ab72a083e35-1630435386405/Core/Inspectors/PropertyDrawers/SceneInfoUtils.cs Line: 313)

Mono: successfully reloaded assembly
- Completed reload, in  2.103 seconds
Domain Reload Profiling:
	ReloadAssembly (2104ms)
		BeginReloadAssembly (130ms)
			ExecutionOrderSort (0ms)
			DisableScriptedObjects (4ms)
			BackupInstance (0ms)
			ReleaseScriptingObjects (0ms)
			CreateAndSetChildDomain (48ms)
		EndReloadAssembly (1920ms)
			LoadAssemblies (94ms)
			RebuildTransferFunctionScriptingTraits (0ms)
			SetupTypeCache (303ms)
			ReleaseScriptCaches (1ms)
			RebuildScriptCaches (39ms)
			SetupLoadedEditorAssemblies (1327ms)
				LogAssemblyErrors (0ms)
				InitializePlatformSupportModulesInManaged (3ms)
				SetLoadedEditorAssemblies (0ms)
				RefreshPlugins (2ms)
				BeforeProcessingInitializeOnLoad (98ms)
				ProcessInitializeOnLoadAttributes (964ms)
				ProcessInitializeOnLoadMethodAttributes (255ms)
				AfterProcessingInitializeOnLoad (5ms)
				EditorAssembliesLoaded (0ms)
			ExecutionOrderSort2 (0ms)
			AwakeInstancesAfterBackupRestoration (10ms)
Platform modules already initialized, skipping
Switching build target platform(19) subTarget(0) extendedPlatform(0) -> platform(21) subTarget(3) extendedPlatform(0)
Refreshing native plugins compatible for Editor in 1.42 ms, found 23 plugins.
Preloading 2 native plugins for Editor in 0.11 ms.
Unloading 3944 Unused Serialized files (Serialized files now loaded: 0)
System memory in use before: 154.4 MB.
System memory in use after: 154.3 MB.

Unloading 156 unused Assets to reduce memory usage. Loaded Objects now: 4366.
Total: 4.429500 ms (FindLiveObjects: 0.392600 ms CreateObjectMapping: 0.172300 ms MarkObjects: 3.627300 ms  DeleteObjects: 0.236100 ms)

AssetImportParameters requested are different than current active one (requested -> active):
  custom:framework-win-MediaFoundation: 216162199b28c13a410421893ffa2e32 -> 
  custom:video-decoder-ogg-theora: a1e56fd34408186e4bbccfd4996cb3dc -> 
  custom:container-muxer-webm: aa71ff27fc2769a1b78a27578f13a17b -> 
  custom:container-demuxer-webm: 4f35f7cbe854078d1ac9338744f61a02 -> 
  custom:container-demuxer-ogg: 62fdf1f143b41e24485cea50d1cbac27 -> 
  custom:video-encoder-webm-vp8: eb34c28f22e8b96e1ab97ce403110664 -> 
  custom:video-decoder-webm-vp8: 9c59270c3fd7afecdb556c50c9e8de78 -> 
  custom:audio-decoder-ogg-vorbis: bf7c407c2cedff20999df2af8eb42d56 -> 
  custom:audio-encoder-webm-vorbis: bf7c407c2cedff20999df2af8eb42d56 -> 
========================================================================
Received Prepare
Refreshing native plugins compatible for Editor in 28.14 ms, found 23 plugins.
Preloading 2 native plugins for Editor in 0.09 ms.
Unloading 118 Unused Serialized files (Serialized files now loaded: 0)
System memory in use before: 77.4 MB.
System memory in use after: 77.7 MB.

Unloading 118 unused Assets to reduce memory usage. Loaded Objects now: 4366.
Total: 4.722100 ms (FindLiveObjects: 0.406800 ms CreateObjectMapping: 0.200900 ms MarkObjects: 4.047000 ms  DeleteObjects: 0.066300 ms)

AssetImportParameters requested are different than current active one (requested -> active):
  custom:framework-win-MediaFoundation: 216162199b28c13a410421893ffa2e32 -> 
  custom:video-decoder-ogg-theora: a1e56fd34408186e4bbccfd4996cb3dc -> 
  custom:container-muxer-webm: aa71ff27fc2769a1b78a27578f13a17b -> 
  custom:container-demuxer-webm: 4f35f7cbe854078d1ac9338744f61a02 -> 
  custom:container-demuxer-ogg: 62fdf1f143b41e24485cea50d1cbac27 -> 
  custom:video-encoder-webm-vp8: eb34c28f22e8b96e1ab97ce403110664 -> 
  custom:video-decoder-webm-vp8: 9c59270c3fd7afecdb556c50c9e8de78 -> 
  custom:audio-decoder-ogg-vorbis: bf7c407c2cedff20999df2af8eb42d56 -> 
  custom:audio-encoder-webm-vorbis: bf7c407c2cedff20999df2af8eb42d56 -> 
========================================================================
Received Prepare
Refreshing native plugins compatible for Editor in 27.88 ms, found 23 plugins.
Preloading 2 native plugins for Editor in 0.21 ms.
Unloading 118 Unused Serialized files (Serialized files now loaded: 0)
System memory in use before: 77.4 MB.
System memory in use after: 77.7 MB.

Unloading 118 unused Assets to reduce memory usage. Loaded Objects now: 4366.
Total: 4.275700 ms (FindLiveObjects: 0.429100 ms CreateObjectMapping: 0.210800 ms MarkObjects: 3.580100 ms  DeleteObjects: 0.054700 ms)

AssetImportParameters requested are different than current active one (requested -> active):
  custom:framework-win-MediaFoundation: 216162199b28c13a410421893ffa2e32 -> 
  custom:video-decoder-ogg-theora: a1e56fd34408186e4bbccfd4996cb3dc -> 
  custom:container-muxer-webm: aa71ff27fc2769a1b78a27578f13a17b -> 
  custom:container-demuxer-webm: 4f35f7cbe854078d1ac9338744f61a02 -> 
  custom:container-demuxer-ogg: 62fdf1f143b41e24485cea50d1cbac27 -> 
  custom:video-encoder-webm-vp8: eb34c28f22e8b96e1ab97ce403110664 -> 
  custom:video-decoder-webm-vp8: 9c59270c3fd7afecdb556c50c9e8de78 -> 
  custom:audio-decoder-ogg-vorbis: bf7c407c2cedff20999df2af8eb42d56 -> 
  custom:audio-encoder-webm-vorbis: bf7c407c2cedff20999df2af8eb42d56 -> 
========================================================================
Received Import Request.
  Time since last request: 1916.820853 seconds.
  path: Assets/Scripts
  artifactKey: Guid(f3bd32042f0e2bf408e18144892b7ef4) Importer(815301076,1909f56bfc062723c751e8b465ee728b)
Start importing Assets/Scripts using Guid(f3bd32042f0e2bf408e18144892b7ef4) Importer(815301076,1909f56bfc062723c751e8b465ee728b)  -> (artifact id: '660ae98b5cbc98da5888647dd543b884') in 0.009208 seconds 
  Import took 0.015414 seconds .

========================================================================
Received Import Request.
  Time since last request: 11.546074 seconds.
  path: Assets/Scripts/ColorTap.cs
  artifactKey: Guid(465cc8dd62bd2ab42a4f219e97e6c477) Importer(815301076,1909f56bfc062723c751e8b465ee728b)
Start importing Assets/Scripts/ColorTap.cs using Guid(465cc8dd62bd2ab42a4f219e97e6c477) Importer(815301076,1909f56bfc062723c751e8b465ee728b)  -> (artifact id: 'ec9e6ad71c76312b821583533f6de07b') in 0.009436 seconds 
  Import took 0.014368 seconds .

========================================================================
Received Prepare
Registering precompiled user dll's ...
Registered in 0.016648 seconds.
Begin MonoManager ReloadAssembly
Native extension for WindowsStandalone target not found
Refreshing native plugins compatible for Editor in 1.49 ms, found 23 plugins.
Preloading 2 native plugins for Editor in 0.11 ms.
Added DLL directory C:\Users\Matt\Net\Library\PackageCache\com.microsoft.mixedreality.input@58d07b43e5ec-1630435386185\Plugins\Windows\x64 to the user search path.
UnityEngine.StackTraceUtility:ExtractStackTrace ()
UnityEngine.DebugLogHandler:LogFormat (UnityEngine.LogType,UnityEngine.Object,string,object[])
UnityEngine.Logger:Log (UnityEngine.LogType,object)
UnityEngine.Debug:Log (object)
Microsoft.MixedReality.Input.Init:.cctor () (at Library/PackageCache/com.microsoft.mixedreality.input@58d07b43e5ec-1630435386185/Editor/Microsoft.MixedReality.Input.Init.cs:88)
System.Runtime.CompilerServices.RuntimeHelpers:RunClassConstructor (System.RuntimeTypeHandle)
UnityEditor.EditorAssemblies:ProcessInitializeOnLoadAttributes (System.Type[])

(Filename: Library/PackageCache/com.microsoft.mixedreality.input@58d07b43e5ec-1630435386185/Editor/Microsoft.MixedReality.Input.Init.cs Line: 88)

Error when attempting to update scene info fields. Scene info data may be stale.
UnityEngine.StackTraceUtility:ExtractStackTrace ()
UnityEngine.DebugLogHandler:LogFormat (UnityEngine.LogType,UnityEngine.Object,string,object[])
UnityEngine.Logger:Log (UnityEngine.LogType,object)
UnityEngine.Debug:LogWarning (object)
Microsoft.MixedReality.Toolkit.Editor.SceneInfoUtils:RefreshSceneInfoFieldsInScriptableObjects () (at Library/PackageCache/com.microsoft.mixedreality.toolkit.foundation@7ab72a083e35-1630435386405/Core/Inspectors/PropertyDrawers/SceneInfoUtils.cs:313)
Microsoft.MixedReality.Toolkit.Editor.SceneInfoUtils:InitializeOnLoad () (at Library/PackageCache/com.microsoft.mixedreality.toolkit.foundation@7ab72a083e35-1630435386405/Core/Inspectors/PropertyDrawers/SceneInfoUtils.cs:231)
System.Reflection.MonoMethod:Invoke (object,System.Reflection.BindingFlags,System.Reflection.Binder,object[],System.Globalization.CultureInfo)
System.Reflection.MethodBase:Invoke (object,object[])
UnityEditor.EditorAssemblies:ProcessInitializeOnLoadMethodAttributes ()

(Filename: Library/PackageCache/com.microsoft.mixedreality.toolkit.foundation@7ab72a083e35-1630435386405/Core/Inspectors/PropertyDrawers/SceneInfoUtils.cs Line: 313)

Mono: successfully reloaded assembly
- Completed reload, in  1.735 seconds
Domain Reload Profiling:
	ReloadAssembly (1735ms)
		BeginReloadAssembly (102ms)
			ExecutionOrderSort (0ms)
			DisableScriptedObjects (4ms)
			BackupInstance (0ms)
			ReleaseScriptingObjects (0ms)
			CreateAndSetChildDomain (38ms)
		EndReloadAssembly (1584ms)
			LoadAssemblies (84ms)
			RebuildTransferFunctionScriptingTraits (0ms)
			SetupTypeCache (268ms)
			ReleaseScriptCaches (1ms)
			RebuildScriptCaches (35ms)
			SetupLoadedEditorAssemblies (1054ms)
				LogAssemblyErrors (0ms)
				InitializePlatformSupportModulesInManaged (3ms)
				SetLoadedEditorAssemblies (0ms)
				RefreshPlugins (2ms)
				BeforeProcessingInitializeOnLoad (91ms)
				ProcessInitializeOnLoadAttributes (797ms)
				ProcessInitializeOnLoadMethodAttributes (156ms)
				AfterProcessingInitializeOnLoad (4ms)
				EditorAssembliesLoaded (0ms)
			ExecutionOrderSort2 (0ms)
			AwakeInstancesAfterBackupRestoration (8ms)
Platform modules already initialized, skipping
Switching build target platform(19) subTarget(0) extendedPlatform(0) -> platform(21) subTarget(3) extendedPlatform(0)
Refreshing native plugins compatible for Editor in 1.36 ms, found 23 plugins.
Preloading 2 native plugins for Editor in 0.10 ms.
Unloading 3945 Unused Serialized files (Serialized files now loaded: 0)
System memory in use before: 154.5 MB.
System memory in use after: 154.4 MB.

Unloading 156 unused Assets to reduce memory usage. Loaded Objects now: 4370.
Total: 3.532400 ms (FindLiveObjects: 0.300900 ms CreateObjectMapping: 0.178000 ms MarkObjects: 2.892800 ms  DeleteObjects: 0.159900 ms)

AssetImportParameters requested are different than current active one (requested -> active):
  custom:framework-win-MediaFoundation: 216162199b28c13a410421893ffa2e32 -> 
  custom:video-decoder-ogg-theora: a1e56fd34408186e4bbccfd4996cb3dc -> 
  custom:container-muxer-webm: aa71ff27fc2769a1b78a27578f13a17b -> 
  custom:container-demuxer-webm: 4f35f7cbe854078d1ac9338744f61a02 -> 
  custom:container-demuxer-ogg: 62fdf1f143b41e24485cea50d1cbac27 -> 
  custom:video-encoder-webm-vp8: eb34c28f22e8b96e1ab97ce403110664 -> 
  custom:video-decoder-webm-vp8: 9c59270c3fd7afecdb556c50c9e8de78 -> 
  custom:audio-decoder-ogg-vorbis: bf7c407c2cedff20999df2af8eb42d56 -> 
  custom:audio-encoder-webm-vorbis: bf7c407c2cedff20999df2af8eb42d56 -> 
========================================================================
Received Import Request.
  Time since last request: 23.176722 seconds.
  path: Assets/Scripts/ColorTap.cs
  artifactKey: Guid(465cc8dd62bd2ab42a4f219e97e6c477) Importer(815301076,1909f56bfc062723c751e8b465ee728b)
Start importing Assets/Scripts/ColorTap.cs using Guid(465cc8dd62bd2ab42a4f219e97e6c477) Importer(815301076,1909f56bfc062723c751e8b465ee728b)  -> (artifact id: 'b0577549df12fd52f773ebd63dbedaaa') in 0.007680 seconds 
  Import took 0.013143 seconds .

========================================================================
Received Import Request.
  Time since last request: 0.005028 seconds.
  path: Assets/Scripts/ColorTap.cs
  artifactKey: Guid(465cc8dd62bd2ab42a4f219e97e6c477) Importer(815301076,1909f56bfc062723c751e8b465ee728b)
Start importing Assets/Scripts/ColorTap.cs using Guid(465cc8dd62bd2ab42a4f219e97e6c477) Importer(815301076,1909f56bfc062723c751e8b465ee728b)  -> (artifact id: 'b0577549df12fd52f773ebd63dbedaaa') in 0.002379 seconds 
  Import took 0.007563 seconds .

========================================================================
Received Import Request.
  Time since last request: 14.338713 seconds.
  path: Assets/Scripts/ColorTap.cs
  artifactKey: Guid(465cc8dd62bd2ab42a4f219e97e6c477) Importer(815301076,1909f56bfc062723c751e8b465ee728b)
Start importing Assets/Scripts/ColorTap.cs using Guid(465cc8dd62bd2ab42a4f219e97e6c477) Importer(815301076,1909f56bfc062723c751e8b465ee728b)  -> (artifact id: 'f1bd603e266d814fd88d6ffb58518559') in 0.001871 seconds 
  Import took 0.007532 seconds .

========================================================================
Received Import Request.
  Time since last request: 61.172623 seconds.
  path: Assets/Scripts/ColorTap.cs
  artifactKey: Guid(465cc8dd62bd2ab42a4f219e97e6c477) Importer(815301076,1909f56bfc062723c751e8b465ee728b)
Start importing Assets/Scripts/ColorTap.cs using Guid(465cc8dd62bd2ab42a4f219e97e6c477) Importer(815301076,1909f56bfc062723c751e8b465ee728b)  -> (artifact id: '15a2482ceff0917881a0675953061a29') in 0.002135 seconds 
  Import took 0.007443 seconds .

========================================================================
Received Import Request.
  Time since last request: 13.964336 seconds.
  path: Assets/Scripts/ColorTap.cs
  artifactKey: Guid(465cc8dd62bd2ab42a4f219e97e6c477) Importer(815301076,1909f56bfc062723c751e8b465ee728b)
Start importing Assets/Scripts/ColorTap.cs using Guid(465cc8dd62bd2ab42a4f219e97e6c477) Importer(815301076,1909f56bfc062723c751e8b465ee728b)  -> (artifact id: '1e4eb5d6f929fa73e612b08bfd8bed65') in 0.001993 seconds 
  Import took 0.007265 seconds .

========================================================================
Received Import Request.
  Time since last request: 86.997905 seconds.
  path: Assets/Scripts/ColorTap.cs
  artifactKey: Guid(465cc8dd62bd2ab42a4f219e97e6c477) Importer(815301076,1909f56bfc062723c751e8b465ee728b)
Start importing Assets/Scripts/ColorTap.cs using Guid(465cc8dd62bd2ab42a4f219e97e6c477) Importer(815301076,1909f56bfc062723c751e8b465ee728b)  -> (artifact id: 'f4d79caec246c26057be5b780447f616') in 0.001953 seconds 
  Import took 0.007633 seconds .

========================================================================
Received Import Request.
  Time since last request: 19.710949 seconds.
  path: Assets/Scripts/ColorTap.cs
  artifactKey: Guid(465cc8dd62bd2ab42a4f219e97e6c477) Importer(815301076,1909f56bfc062723c751e8b465ee728b)
Start importing Assets/Scripts/ColorTap.cs using Guid(465cc8dd62bd2ab42a4f219e97e6c477) Importer(815301076,1909f56bfc062723c751e8b465ee728b)  -> (artifact id: 'f80779c2badfeaa2d27abc8cf3a9d124') in 0.002022 seconds 
  Import took 0.007842 seconds .

========================================================================
Received Import Request.
  Time since last request: 61.952970 seconds.
  path: Assets/Scripts/ColorTap.cs
  artifactKey: Guid(465cc8dd62bd2ab42a4f219e97e6c477) Importer(815301076,1909f56bfc062723c751e8b465ee728b)
Start importing Assets/Scripts/ColorTap.cs using Guid(465cc8dd62bd2ab42a4f219e97e6c477) Importer(815301076,1909f56bfc062723c751e8b465ee728b)  -> (artifact id: '584206a8b4593efe310ac99be9856111') in 0.002174 seconds 
  Import took 0.007758 seconds .

========================================================================
Received Import Request.
  Time since last request: 0.001458 seconds.
  path: Assets/Scripts/ColorTap.cs
  artifactKey: Guid(465cc8dd62bd2ab42a4f219e97e6c477) Importer(815301076,1909f56bfc062723c751e8b465ee728b)
Start importing Assets/Scripts/ColorTap.cs using Guid(465cc8dd62bd2ab42a4f219e97e6c477) Importer(815301076,1909f56bfc062723c751e8b465ee728b)  -> (artifact id: '584206a8b4593efe310ac99be9856111') in 0.001808 seconds 
  Import took 0.007482 seconds .

========================================================================
Received Import Request.
  Time since last request: 19.452548 seconds.
  path: Assets/Scripts/ColorTap.cs
  artifactKey: Guid(465cc8dd62bd2ab42a4f219e97e6c477) Importer(815301076,1909f56bfc062723c751e8b465ee728b)
Start importing Assets/Scripts/ColorTap.cs using Guid(465cc8dd62bd2ab42a4f219e97e6c477) Importer(815301076,1909f56bfc062723c751e8b465ee728b)  -> (artifact id: 'ff3be41e8c9b3f228760cd6bc6ad4873') in 0.001934 seconds 
  Import took 0.007064 seconds .

========================================================================
Received Import Request.
  Time since last request: 0.001690 seconds.
  path: Assets/Scripts/ColorTap.cs
  artifactKey: Guid(465cc8dd62bd2ab42a4f219e97e6c477) Importer(815301076,1909f56bfc062723c751e8b465ee728b)
Start importing Assets/Scripts/ColorTap.cs using Guid(465cc8dd62bd2ab42a4f219e97e6c477) Importer(815301076,1909f56bfc062723c751e8b465ee728b)  -> (artifact id: 'ff3be41e8c9b3f228760cd6bc6ad4873') in 0.001748 seconds 
  Import took 0.007193 seconds .

========================================================================
Received Import Request.
  Time since last request: 940.606635 seconds.
  path: Assets/Scripts/ColorTap.cs
  artifactKey: Guid(465cc8dd62bd2ab42a4f219e97e6c477) Importer(815301076,1909f56bfc062723c751e8b465ee728b)
Start importing Assets/Scripts/ColorTap.cs using Guid(465cc8dd62bd2ab42a4f219e97e6c477) Importer(815301076,1909f56bfc062723c751e8b465ee728b)  -> (artifact id: '5eb84fecf156cb23181a350f1dbedd55') in 0.002086 seconds 
  Import took 0.008231 seconds .

========================================================================
Received Import Request.
  Time since last request: 0.000512 seconds.
  path: Assets/Scripts/ColorTap.cs
  artifactKey: Guid(465cc8dd62bd2ab42a4f219e97e6c477) Importer(815301076,1909f56bfc062723c751e8b465ee728b)
Start importing Assets/Scripts/ColorTap.cs using Guid(465cc8dd62bd2ab42a4f219e97e6c477) Importer(815301076,1909f56bfc062723c751e8b465ee728b)  -> (artifact id: '5eb84fecf156cb23181a350f1dbedd55') in 0.002054 seconds 
  Import took 0.006992 seconds .

========================================================================
Received Import Request.
  Time since last request: 1.083444 seconds.
  path: Assets/Scripts/HelloWorldManager.cs
  artifactKey: Guid(a6fdf0a9c7b948b4dbdd71c4cdacf758) Importer(815301076,1909f56bfc062723c751e8b465ee728b)
Start importing Assets/Scripts/HelloWorldManager.cs using Guid(a6fdf0a9c7b948b4dbdd71c4cdacf758) Importer(815301076,1909f56bfc062723c751e8b465ee728b)  -> (artifact id: '7898ecce7e7e6900a0435503c708a8c6') in 0.004785 seconds 
  Import took 0.009399 seconds .

========================================================================
Received Import Request.
  Time since last request: 0.013881 seconds.
  path: Assets/Scripts/HelloWorldManager.cs
  artifactKey: Guid(a6fdf0a9c7b948b4dbdd71c4cdacf758) Importer(815301076,1909f56bfc062723c751e8b465ee728b)
Start importing Assets/Scripts/HelloWorldManager.cs using Guid(a6fdf0a9c7b948b4dbdd71c4cdacf758) Importer(815301076,1909f56bfc062723c751e8b465ee728b)  -> (artifact id: '7898ecce7e7e6900a0435503c708a8c6') in 0.002806 seconds 
  Import took 0.008200 seconds .

========================================================================
Received Prepare
Registering precompiled user dll's ...
Registered in 0.017776 seconds.
Begin MonoManager ReloadAssembly
Native extension for WindowsStandalone target not found
Refreshing native plugins compatible for Editor in 1.46 ms, found 23 plugins.
Preloading 2 native plugins for Editor in 0.10 ms.
Added DLL directory C:\Users\Matt\Net\Library\PackageCache\com.microsoft.mixedreality.input@58d07b43e5ec-1630435386185\Plugins\Windows\x64 to the user search path.
UnityEngine.StackTraceUtility:ExtractStackTrace ()
UnityEngine.DebugLogHandler:LogFormat (UnityEngine.LogType,UnityEngine.Object,string,object[])
UnityEngine.Logger:Log (UnityEngine.LogType,object)
UnityEngine.Debug:Log (object)
Microsoft.MixedReality.Input.Init:.cctor () (at Library/PackageCache/com.microsoft.mixedreality.input@58d07b43e5ec-1630435386185/Editor/Microsoft.MixedReality.Input.Init.cs:88)
System.Runtime.CompilerServices.RuntimeHelpers:RunClassConstructor (System.RuntimeTypeHandle)
UnityEditor.EditorAssemblies:ProcessInitializeOnLoadAttributes (System.Type[])

(Filename: Library/PackageCache/com.microsoft.mixedreality.input@58d07b43e5ec-1630435386185/Editor/Microsoft.MixedReality.Input.Init.cs Line: 88)

Error when attempting to update scene info fields. Scene info data may be stale.
UnityEngine.StackTraceUtility:ExtractStackTrace ()
UnityEngine.DebugLogHandler:LogFormat (UnityEngine.LogType,UnityEngine.Object,string,object[])
UnityEngine.Logger:Log (UnityEngine.LogType,object)
UnityEngine.Debug:LogWarning (object)
Microsoft.MixedReality.Toolkit.Editor.SceneInfoUtils:RefreshSceneInfoFieldsInScriptableObjects () (at Library/PackageCache/com.microsoft.mixedreality.toolkit.foundation@7ab72a083e35-1630435386405/Core/Inspectors/PropertyDrawers/SceneInfoUtils.cs:313)
Microsoft.MixedReality.Toolkit.Editor.SceneInfoUtils:InitializeOnLoad () (at Library/PackageCache/com.microsoft.mixedreality.toolkit.foundation@7ab72a083e35-1630435386405/Core/Inspectors/PropertyDrawers/SceneInfoUtils.cs:231)
System.Reflection.MonoMethod:Invoke (object,System.Reflection.BindingFlags,System.Reflection.Binder,object[],System.Globalization.CultureInfo)
System.Reflection.MethodBase:Invoke (object,object[])
UnityEditor.EditorAssemblies:ProcessInitializeOnLoadMethodAttributes ()

(Filename: Library/PackageCache/com.microsoft.mixedreality.toolkit.foundation@7ab72a083e35-1630435386405/Core/Inspectors/PropertyDrawers/SceneInfoUtils.cs Line: 313)

Mono: successfully reloaded assembly
- Completed reload, in  1.746 seconds
Domain Reload Profiling:
	ReloadAssembly (1746ms)
		BeginReloadAssembly (101ms)
			ExecutionOrderSort (0ms)
			DisableScriptedObjects (4ms)
			BackupInstance (0ms)
			ReleaseScriptingObjects (0ms)
			CreateAndSetChildDomain (36ms)
		EndReloadAssembly (1596ms)
			LoadAssemblies (86ms)
			RebuildTransferFunctionScriptingTraits (0ms)
			SetupTypeCache (283ms)
			ReleaseScriptCaches (1ms)
			RebuildScriptCaches (34ms)
			SetupLoadedEditorAssemblies (1055ms)
				LogAssemblyErrors (0ms)
				InitializePlatformSupportModulesInManaged (3ms)
				SetLoadedEditorAssemblies (0ms)
				RefreshPlugins (2ms)
				BeforeProcessingInitializeOnLoad (93ms)
				ProcessInitializeOnLoadAttributes (795ms)
				ProcessInitializeOnLoadMethodAttributes (158ms)
				AfterProcessingInitializeOnLoad (4ms)
				EditorAssembliesLoaded (0ms)
			ExecutionOrderSort2 (0ms)
			AwakeInstancesAfterBackupRestoration (8ms)
Platform modules already initialized, skipping
Switching build target platform(19) subTarget(0) extendedPlatform(0) -> platform(21) subTarget(3) extendedPlatform(0)
Refreshing native plugins compatible for Editor in 1.48 ms, found 23 plugins.
Preloading 2 native plugins for Editor in 0.10 ms.
Unloading 3944 Unused Serialized files (Serialized files now loaded: 0)
System memory in use before: 154.5 MB.
System memory in use after: 154.4 MB.

Unloading 157 unused Assets to reduce memory usage. Loaded Objects now: 4372.
Total: 3.566400 ms (FindLiveObjects: 0.311200 ms CreateObjectMapping: 0.185000 ms MarkObjects: 2.900800 ms  DeleteObjects: 0.168600 ms)

AssetImportParameters requested are different than current active one (requested -> active):
  custom:framework-win-MediaFoundation: 216162199b28c13a410421893ffa2e32 -> 
  custom:video-decoder-ogg-theora: a1e56fd34408186e4bbccfd4996cb3dc -> 
  custom:container-muxer-webm: aa71ff27fc2769a1b78a27578f13a17b -> 
  custom:container-demuxer-webm: 4f35f7cbe854078d1ac9338744f61a02 -> 
  custom:container-demuxer-ogg: 62fdf1f143b41e24485cea50d1cbac27 -> 
  custom:video-encoder-webm-vp8: eb34c28f22e8b96e1ab97ce403110664 -> 
  custom:video-decoder-webm-vp8: 9c59270c3fd7afecdb556c50c9e8de78 -> 
  custom:audio-decoder-ogg-vorbis: bf7c407c2cedff20999df2af8eb42d56 -> 
  custom:audio-encoder-webm-vorbis: bf7c407c2cedff20999df2af8eb42d56 -> 
========================================================================
Received Import Request.
  Time since last request: 28.170604 seconds.
  path: Assets/Scripts/ColorTapScript.cs
  artifactKey: Guid(8f0ca51a5210ef1418dcb0bc93be0902) Importer(815301076,1909f56bfc062723c751e8b465ee728b)
Start importing Assets/Scripts/ColorTapScript.cs using Guid(8f0ca51a5210ef1418dcb0bc93be0902) Importer(815301076,1909f56bfc062723c751e8b465ee728b)  -> (artifact id: '793852692aefa8a98e9421cf4cf4118c') in 0.009501 seconds 
  Import took 0.014705 seconds .

========================================================================
Received Prepare
Registering precompiled user dll's ...
Registered in 0.015647 seconds.
Begin MonoManager ReloadAssembly
Native extension for WindowsStandalone target not found
Refreshing native plugins compatible for Editor in 1.51 ms, found 23 plugins.
Preloading 2 native plugins for Editor in 0.12 ms.
Added DLL directory C:\Users\Matt\Net\Library\PackageCache\com.microsoft.mixedreality.input@58d07b43e5ec-1630435386185\Plugins\Windows\x64 to the user search path.
UnityEngine.StackTraceUtility:ExtractStackTrace ()
UnityEngine.DebugLogHandler:LogFormat (UnityEngine.LogType,UnityEngine.Object,string,object[])
UnityEngine.Logger:Log (UnityEngine.LogType,object)
UnityEngine.Debug:Log (object)
Microsoft.MixedReality.Input.Init:.cctor () (at Library/PackageCache/com.microsoft.mixedreality.input@58d07b43e5ec-1630435386185/Editor/Microsoft.MixedReality.Input.Init.cs:88)
System.Runtime.CompilerServices.RuntimeHelpers:RunClassConstructor (System.RuntimeTypeHandle)
UnityEditor.EditorAssemblies:ProcessInitializeOnLoadAttributes (System.Type[])

(Filename: Library/PackageCache/com.microsoft.mixedreality.input@58d07b43e5ec-1630435386185/Editor/Microsoft.MixedReality.Input.Init.cs Line: 88)

Error when attempting to update scene info fields. Scene info data may be stale.
UnityEngine.StackTraceUtility:ExtractStackTrace ()
UnityEngine.DebugLogHandler:LogFormat (UnityEngine.LogType,UnityEngine.Object,string,object[])
UnityEngine.Logger:Log (UnityEngine.LogType,object)
UnityEngine.Debug:LogWarning (object)
Microsoft.MixedReality.Toolkit.Editor.SceneInfoUtils:RefreshSceneInfoFieldsInScriptableObjects () (at Library/PackageCache/com.microsoft.mixedreality.toolkit.foundation@7ab72a083e35-1630435386405/Core/Inspectors/PropertyDrawers/SceneInfoUtils.cs:313)
Microsoft.MixedReality.Toolkit.Editor.SceneInfoUtils:InitializeOnLoad () (at Library/PackageCache/com.microsoft.mixedreality.toolkit.foundation@7ab72a083e35-1630435386405/Core/Inspectors/PropertyDrawers/SceneInfoUtils.cs:231)
System.Reflection.MonoMethod:Invoke (object,System.Reflection.BindingFlags,System.Reflection.Binder,object[],System.Globalization.CultureInfo)
System.Reflection.MethodBase:Invoke (object,object[])
UnityEditor.EditorAssemblies:ProcessInitializeOnLoadMethodAttributes ()

(Filename: Library/PackageCache/com.microsoft.mixedreality.toolkit.foundation@7ab72a083e35-1630435386405/Core/Inspectors/PropertyDrawers/SceneInfoUtils.cs Line: 313)

Mono: successfully reloaded assembly
- Completed reload, in  1.728 seconds
Domain Reload Profiling:
	ReloadAssembly (1728ms)
		BeginReloadAssembly (103ms)
			ExecutionOrderSort (0ms)
			DisableScriptedObjects (3ms)
			BackupInstance (0ms)
			ReleaseScriptingObjects (0ms)
			CreateAndSetChildDomain (36ms)
		EndReloadAssembly (1578ms)
			LoadAssemblies (84ms)
			RebuildTransferFunctionScriptingTraits (0ms)
			SetupTypeCache (266ms)
			ReleaseScriptCaches (1ms)
			RebuildScriptCaches (43ms)
			SetupLoadedEditorAssemblies (1039ms)
				LogAssemblyErrors (0ms)
				InitializePlatformSupportModulesInManaged (3ms)
				SetLoadedEditorAssemblies (0ms)
				RefreshPlugins (2ms)
				BeforeProcessingInitializeOnLoad (92ms)
				ProcessInitializeOnLoadAttributes (779ms)
				ProcessInitializeOnLoadMethodAttributes (158ms)
				AfterProcessingInitializeOnLoad (4ms)
				EditorAssembliesLoaded (0ms)
			ExecutionOrderSort2 (0ms)
			AwakeInstancesAfterBackupRestoration (9ms)
Platform modules already initialized, skipping
Switching build target platform(19) subTarget(0) extendedPlatform(0) -> platform(21) subTarget(3) extendedPlatform(0)
Refreshing native plugins compatible for Editor in 1.40 ms, found 23 plugins.
Preloading 2 native plugins for Editor in 0.10 ms.
Unloading 3945 Unused Serialized files (Serialized files now loaded: 0)
System memory in use before: 154.6 MB.
System memory in use after: 154.5 MB.

Unloading 156 unused Assets to reduce memory usage. Loaded Objects now: 4376.
Total: 3.611700 ms (FindLiveObjects: 0.346200 ms CreateObjectMapping: 0.176500 ms MarkObjects: 2.972800 ms  DeleteObjects: 0.115100 ms)

AssetImportParameters requested are different than current active one (requested -> active):
  custom:framework-win-MediaFoundation: 216162199b28c13a410421893ffa2e32 -> 
  custom:video-decoder-ogg-theora: a1e56fd34408186e4bbccfd4996cb3dc -> 
  custom:container-muxer-webm: aa71ff27fc2769a1b78a27578f13a17b -> 
  custom:container-demuxer-webm: 4f35f7cbe854078d1ac9338744f61a02 -> 
  custom:container-demuxer-ogg: 62fdf1f143b41e24485cea50d1cbac27 -> 
  custom:video-encoder-webm-vp8: eb34c28f22e8b96e1ab97ce403110664 -> 
  custom:video-decoder-webm-vp8: 9c59270c3fd7afecdb556c50c9e8de78 -> 
  custom:audio-decoder-ogg-vorbis: bf7c407c2cedff20999df2af8eb42d56 -> 
  custom:audio-encoder-webm-vorbis: bf7c407c2cedff20999df2af8eb42d56 -> 
AssetImportWorkerClient::OnTransportError - code=2 error=End of file
